#
# A fatal error has been detected by the Java Runtime Environment:
#
#  SIGSEGV (0xb) at pc=0xb5857fef, pid=4574, tid=3078523760
#
# JRE version: 7.0_147-b147
# Java VM: OpenJDK Client VM (21.0-b17 mixed mode, sharing linux-x86 )
# Derivative: IcedTea7 2.0
# Distribution: Ubuntu 11.10, package 7~b147-2.0-0ubuntu0.11.10.1
# Problematic frame:
# J  sun.util.calendar.ZoneInfo.getTransitionIndex(JI)I
#
# Failed to write core dump. Core dumps have been disabled. To enable core dumping, try "ulimit -c unlimited" before starting Java again
#
# If you would like to submit a bug report, please include
# instructions on how to reproduce the bug and visit:
#   https://bugs.launchpad.net/ubuntu/+source/openjdk-7/
#

---------------  T H R E A D  ---------------

Current thread (0x09968c00):  JavaThread "main" [_thread_in_Java, id=4579, stack(0xb7798000,0xb77e9000)]

siginfo:si_signo=SIGSEGV: si_errno=0, si_code=128 (), si_addr=0x00000000

Registers:
EAX=0x000000ff, EBX=0xe3867000, ECX=0xffffc77c, EDX=0x000000ff
ESP=0xb77e7af0, EBP=0xb77e7b84, ESI=0x1433ce80, EDI=0x1433ce80
EIP=0xb5857fef, EFLAGS=0x00010203, CR2=0x00000000

Top of Stack: (sp=0xb77e7af0)
0xb77e7af0:   00000005 00000000 0000000c 00000000
0xb77e7b00:   b77e7b6c 00fd1fb5 0996d270 010046fc
0xb77e7b10:   00000002 00000083 00000000 00000041
0xb77e7b20:   6fd09c00 01209461 14a1ab80 000000ff
0xb77e7b30:   0000000c 00000000 b77e7b84 b579b2cf
0xb77e7b40:   e3867000 ffffc77c 0179d960 8fc784d0
0xb77e7b50:   b579b2cf 00000002 e3867000 ffffc77c
0xb77e7b60:   6fd09c00 b77e7b64 93c68381 b77e7bb4 

Instructions: (pc=0xb5857fef)
0xb5857fcf:   5c 99 0c 8b cb c1 f9 1f 2b fb 1b c1 8b 5c 24 50
0xb5857fdf:   8b 4c 24 54 8b f7 8b d0 3b d1 0f 8c 1e 00 00 00
0xb5857fef:   0f 8f 10 00 00 00 33 d2 3b f3 0f 82 0e 00 00 00
0xb5857fff:   0f 84 0b 00 00 00 33 d2 42 e9 03 00 00 00 33 d2 

Register to memory mapping:

EAX=0x000000ff is an unknown value
EBX=0xe3867000 is an unknown value
ECX=0xffffc77c is an unknown value
EDX=0x000000ff is an unknown value
ESP=0xb77e7af0 is pointing into the stack for thread: 0x09968c00
EBP=0xb77e7b84 is pointing into the stack for thread: 0x09968c00
ESI=0x1433ce80 is an unknown value
EDI=0x1433ce80 is an unknown value


Stack: [0xb7798000,0xb77e9000],  sp=0xb77e7af0,  free space=318k
Native frames: (J=compiled Java code, j=interpreted, Vv=VM code, C=native code)
J  sun.util.calendar.ZoneInfo.getTransitionIndex(JI)I
j  sun.util.calendar.ZoneInfo.getOffsetsByWall(J[I)I+4
j  java.util.GregorianCalendar.computeTime()V+686
j  java.util.Calendar.updateTime()V+1
j  java.util.Calendar.getTimeInMillis()J+8
j  java.util.Calendar.getMillisOf(Ljava/util/Calendar;)J+26
j  java.util.Calendar.compareTo(Ljava/util/Calendar;)I+2
j  java.util.Calendar.before(Ljava/lang/Object;)Z+12
j  com.toedter.calendar.JDayChooser.drawDays()V+426
j  com.toedter.calendar.JDayChooser.init()V+68
j  com.toedter.calendar.JDayChooser.<init>(Z)V+543
j  com.toedter.calendar.JCalendar.<init>(Ljava/util/Date;Ljava/util/Locale;ZZ)V+177
j  com.toedter.calendar.JCalendar.<init>(Ljava/util/Date;)V+5
j  com.toedter.calendar.JDateChooser.<init>(Lcom/toedter/calendar/JCalendar;Ljava/util/Date;Ljava/lang/String;Lcom/toedter/calendar/IDateEditor;)V+56
j  com.toedter.calendar.JDateChooser.<init>(Ljava/util/Date;Ljava/lang/String;Lcom/toedter/calendar/IDateEditor;)V+5
j  com.toedter.calendar.JDateChooser.<init>(Ljava/util/Date;Ljava/lang/String;)V+4
j  com.toedter.calendar.JDateChooser.<init>(Ljava/util/Date;)V+3
j  Precentacion.FrmIn_AgProducto.initComponents()V+511
j  Precentacion.FrmIn_AgProducto.<init>(Ljava/awt/Window;Ljava/lang/String;)V+49
j  Precentacion.FrmIn_AgrProd.<init>(Ljava/awt/Window;)V+4
j  Precentacion.Frm_Producto.<init>()V+10
j  Precentacion.Frm_Principal.<init>()V+9
j  nuevomundo.Main.main([Ljava/lang/String;)V+4
v  ~StubRoutines::call_stub
V  [libjvm.so+0x244aaf]  JavaCalls::call_helper(JavaValue*, methodHandle*, JavaCallArguments*, Thread*)+0x54f


---------------  P R O C E S S  ---------------

Java Threads: ( => current thread )
  0xb4800800 JavaThread "AWT-EventQueue-0" [_thread_blocked, id=4604, stack(0xb4a49000,0xb4a9a000)]
  0xb4824800 JavaThread "AWT-Shutdown" [_thread_blocked, id=4603, stack(0xb49f8000,0xb4a49000)]
  0x09b76000 JavaThread "Image Fetcher 3" daemon [_thread_blocked, id=4597, stack(0xb4a9a000,0xb4aeb000)]
  0x09af1400 JavaThread "process reaper" daemon [_thread_blocked, id=4593, stack(0xb4aef000,0xb4afd000)]
  0x09ad9000 JavaThread "AWT-XAWT" daemon [_thread_in_native, id=4591, stack(0xb4afe000,0xb4b4f000)]
  0x09ac8000 JavaThread "Java2D Disposer" daemon [_thread_blocked, id=4590, stack(0xb4b4f000,0xb4ba0000)]
  0x099a6400 JavaThread "Service Thread" daemon [_thread_blocked, id=4586, stack(0xb4d6a000,0xb4dbb000)]
  0x099a4400 JavaThread "C1 CompilerThread0" daemon [_thread_blocked, id=4585, stack(0xb4dbb000,0xb4e3c000)]
  0x099a2800 JavaThread "Signal Dispatcher" daemon [_thread_blocked, id=4584, stack(0xb4e3c000,0xb4e8d000)]
  0x09998c00 JavaThread "Finalizer" daemon [_thread_blocked, id=4583, stack(0xb5200000,0xb5251000)]
  0x09997400 JavaThread "Reference Handler" daemon [_thread_blocked, id=4582, stack(0xb5251000,0xb52a2000)]
=>0x09968c00 JavaThread "main" [_thread_in_Java, id=4579, stack(0xb7798000,0xb77e9000)]

Other Threads:
  0x09995c00 VMThread [stack: 0xb52a2000,0xb5323000] [id=4581]
  0x099b1400 WatcherThread [stack: 0xb4ce9000,0xb4d6a000] [id=4587]

VM state:synchronizing (normal execution)

VM Mutex/Monitor currently owned by a thread:  ([mutex/lock_event])
[0x09966730] Safepoint_lock - owner thread: 0x09995c00
[0x09966798] Threads_lock - owner thread: 0x09995c00

Heap
 def new generation   total 4928K, used 4470K [0x6f930000, 0x6fe80000, 0x7a3d0000)
  eden space 4416K,  89% used [0x6f930000, 0x6fd0db28, 0x6fd80000)
  from space 512K, 100% used [0x6fd80000, 0x6fe00000, 0x6fe00000)
  to   space 512K,   0% used [0x6fe00000, 0x6fe00000, 0x6fe80000)
 tenured generation   total 10944K, used 1502K [0x7a3d0000, 0x7ae80000, 0x8f930000)
   the space 10944K,  13% used [0x7a3d0000, 0x7a547ad0, 0x7a547c00, 0x7ae80000)
 compacting perm gen  total 12288K, used 3552K [0x8f930000, 0x90530000, 0x93930000)
   the space 12288K,  28% used [0x8f930000, 0x8fca83f0, 0x8fca8400, 0x90530000)
    ro space 10240K,  60% used [0x93930000, 0x93f3dba0, 0x93f3dc00, 0x94330000)
    rw space 12288K,  61% used [0x94330000, 0x94a92ed0, 0x94a93000, 0x94f30000)

Code Cache  [0xb5798000, 0xb5860000, 0xb7798000)
 total_blobs=458 nmethods=207 adapters=184 free_code_cache=31999Kb largest_free_block=32766912

Dynamic libraries:
00110000-00286000 r-xp 00000000 08:08 132005     /lib/i386-linux-gnu/libc-2.13.so
00286000-00288000 r--p 00176000 08:08 132005     /lib/i386-linux-gnu/libc-2.13.so
00288000-00289000 rw-p 00178000 08:08 132005     /lib/i386-linux-gnu/libc-2.13.so
00289000-0028c000 rw-p 00000000 00:00 0 
0028c000-0028f000 r-xp 00000000 08:08 132016     /lib/i386-linux-gnu/libdl-2.13.so
0028f000-00290000 r--p 00002000 08:08 132016     /lib/i386-linux-gnu/libdl-2.13.so
00290000-00291000 rw-p 00003000 08:08 132016     /lib/i386-linux-gnu/libdl-2.13.so
00291000-002b9000 r-xp 00000000 08:08 132035     /lib/i386-linux-gnu/libm-2.13.so
002b9000-002ba000 r--p 00028000 08:08 132035     /lib/i386-linux-gnu/libm-2.13.so
002ba000-002bb000 rw-p 00029000 08:08 132035     /lib/i386-linux-gnu/libm-2.13.so
002bb000-002e2000 r-xp 00000000 08:08 2230476    /usr/lib/jvm/java-7-openjdk-i386/jre/lib/i386/libjava.so
002e2000-002e3000 r--p 00026000 08:08 2230476    /usr/lib/jvm/java-7-openjdk-i386/jre/lib/i386/libjava.so
002e3000-002e4000 rw-p 00027000 08:08 2230476    /usr/lib/jvm/java-7-openjdk-i386/jre/lib/i386/libjava.so
002e4000-002f9000 r-xp 00000000 08:08 132040     /lib/i386-linux-gnu/libnsl-2.13.so
002f9000-002fa000 r--p 00015000 08:08 132040     /lib/i386-linux-gnu/libnsl-2.13.so
002fa000-002fb000 rw-p 00016000 08:08 132040     /lib/i386-linux-gnu/libnsl-2.13.so
002fb000-002fd000 rw-p 00000000 00:00 0 
002fd000-00308000 r-xp 00000000 08:08 132046     /lib/i386-linux-gnu/libnss_files-2.13.so
00308000-00309000 r--p 0000a000 08:08 132046     /lib/i386-linux-gnu/libnss_files-2.13.so
00309000-0030a000 rw-p 0000b000 08:08 132046     /lib/i386-linux-gnu/libnss_files-2.13.so
0030a000-0039a000 r-xp 00000000 08:08 2230467    /usr/lib/jvm/java-7-openjdk-i386/jre/lib/i386/libawt.so
0039a000-0039b000 r--p 00090000 08:08 2230467    /usr/lib/jvm/java-7-openjdk-i386/jre/lib/i386/libawt.so
0039b000-003a2000 rw-p 00091000 08:08 2230467    /usr/lib/jvm/java-7-openjdk-i386/jre/lib/i386/libawt.so
003a2000-003c6000 rw-p 00000000 00:00 0 
003c6000-00418000 r-xp 00000000 08:08 2230547    /usr/lib/jvm/java-7-openjdk-i386/jre/lib/i386/xawt/libmawt.so
00418000-00419000 r--p 00051000 08:08 2230547    /usr/lib/jvm/java-7-openjdk-i386/jre/lib/i386/xawt/libmawt.so
00419000-0041b000 rw-p 00052000 08:08 2230547    /usr/lib/jvm/java-7-openjdk-i386/jre/lib/i386/xawt/libmawt.so
0041b000-0041c000 rw-p 00000000 00:00 0 
0041c000-00425000 r-xp 00000000 08:08 2233510    /usr/lib/i386-linux-gnu/libXrender.so.1.3.0
00425000-00426000 r--p 00008000 08:08 2233510    /usr/lib/i386-linux-gnu/libXrender.so.1.3.0
00426000-00427000 rw-p 00009000 08:08 2233510    /usr/lib/i386-linux-gnu/libXrender.so.1.3.0
00427000-00435000 r-xp 00000000 08:08 2233504    /usr/lib/i386-linux-gnu/libXi.so.6.1.0
00435000-00436000 r--p 0000d000 08:08 2233504    /usr/lib/i386-linux-gnu/libXi.so.6.1.0
00436000-00437000 rw-p 0000e000 08:08 2233504    /usr/lib/i386-linux-gnu/libXi.so.6.1.0
00437000-00455000 r-xp 00000000 08:08 2233602    /usr/lib/i386-linux-gnu/libgdk_pixbuf-2.0.so.0.2400.0
00455000-00456000 r--p 0001d000 08:08 2233602    /usr/lib/i386-linux-gnu/libgdk_pixbuf-2.0.so.0.2400.0
00456000-00457000 rw-p 0001e000 08:08 2233602    /usr/lib/i386-linux-gnu/libgdk_pixbuf-2.0.so.0.2400.0
00457000-00462000 r-xp 00000000 08:08 2233692    /usr/lib/i386-linux-gnu/libpangocairo-1.0.so.0.2903.0
00462000-00463000 r--p 0000a000 08:08 2233692    /usr/lib/i386-linux-gnu/libpangocairo-1.0.so.0.2903.0
00463000-00464000 rw-p 0000b000 08:08 2233692    /usr/lib/i386-linux-gnu/libpangocairo-1.0.so.0.2903.0
00464000-00468000 r-xp 00000000 08:08 2233500    /usr/lib/i386-linux-gnu/libXfixes.so.3.1.0
00468000-00469000 r--p 00003000 08:08 2233500    /usr/lib/i386-linux-gnu/libXfixes.so.3.1.0
00469000-0046a000 rw-p 00004000 08:08 2233500    /usr/lib/i386-linux-gnu/libXfixes.so.3.1.0
0046a000-0046d000 r-xp 00000000 08:08 2233610    /usr/lib/i386-linux-gnu/libgmodule-2.0.so.0.3000.0
0046d000-0046e000 r--p 00002000 08:08 2233610    /usr/lib/i386-linux-gnu/libgmodule-2.0.so.0.3000.0
0046e000-0046f000 rw-p 00003000 08:08 2233610    /usr/lib/i386-linux-gnu/libgmodule-2.0.so.0.3000.0
00472000-0047c000 r-xp 00000000 08:08 132050     /lib/i386-linux-gnu/libnss_nis-2.13.so
0047c000-0047d000 r--p 00009000 08:08 132050     /lib/i386-linux-gnu/libnss_nis-2.13.so
0047d000-0047e000 rw-p 0000a000 08:08 132050     /lib/i386-linux-gnu/libnss_nis-2.13.so
0047e000-00529000 r-xp 00000000 08:08 2233600    /usr/lib/i386-linux-gnu/libgdk-x11-2.0.so.0.2400.6
00529000-0052b000 r--p 000ab000 08:08 2233600    /usr/lib/i386-linux-gnu/libgdk-x11-2.0.so.0.2400.6
0052b000-0052c000 rw-p 000ad000 08:08 2233600    /usr/lib/i386-linux-gnu/libgdk-x11-2.0.so.0.2400.6
0052c000-00549000 r-xp 00000000 08:08 2233784    /usr/lib/i386-linux-gnu/libxcb.so.1.1.0
00549000-0054a000 r--p 0001c000 08:08 2233784    /usr/lib/i386-linux-gnu/libxcb.so.1.1.0
0054a000-0054b000 rw-p 0001d000 08:08 2233784    /usr/lib/i386-linux-gnu/libxcb.so.1.1.0
0054b000-00552000 r-xp 00000000 08:08 2233508    /usr/lib/i386-linux-gnu/libXrandr.so.2.2.0
00552000-00553000 r--p 00006000 08:08 2233508    /usr/lib/i386-linux-gnu/libXrandr.so.2.2.0
00553000-00554000 rw-p 00007000 08:08 2233508    /usr/lib/i386-linux-gnu/libXrandr.so.2.2.0
00554000-00556000 r-xp 00000000 08:08 2233490    /usr/lib/i386-linux-gnu/libXcomposite.so.1.0.0
00556000-00557000 r--p 00001000 08:08 2233490    /usr/lib/i386-linux-gnu/libXcomposite.so.1.0.0
00557000-00558000 rw-p 00002000 08:08 2233490    /usr/lib/i386-linux-gnu/libXcomposite.so.1.0.0
0055a000-00566000 r-xp 00000000 08:08 2230494    /usr/lib/jvm/java-7-openjdk-i386/jre/lib/i386/libverify.so
00566000-00567000 r--p 0000b000 08:08 2230494    /usr/lib/jvm/java-7-openjdk-i386/jre/lib/i386/libverify.so
00567000-00568000 rw-p 0000c000 08:08 2230494    /usr/lib/jvm/java-7-openjdk-i386/jre/lib/i386/libverify.so
00568000-00585000 r-xp 00000000 08:08 2233524    /usr/lib/i386-linux-gnu/libatk-1.0.so.0.20209.1
00585000-00587000 r--p 0001c000 08:08 2233524    /usr/lib/i386-linux-gnu/libatk-1.0.so.0.20209.1
00587000-00588000 rw-p 0001e000 08:08 2233524    /usr/lib/i386-linux-gnu/libatk-1.0.so.0.20209.1
00588000-00591000 r-xp 00000000 08:08 2233492    /usr/lib/i386-linux-gnu/libXcursor.so.1.0.2
00591000-00592000 r--p 00008000 08:08 2233492    /usr/lib/i386-linux-gnu/libXcursor.so.1.0.2
00592000-00593000 rw-p 00009000 08:08 2233492    /usr/lib/i386-linux-gnu/libXcursor.so.1.0.2
00593000-00595000 r-xp 00000000 08:08 2233494    /usr/lib/i386-linux-gnu/libXdamage.so.1.1.0
00595000-00596000 r--p 00001000 08:08 2233494    /usr/lib/i386-linux-gnu/libXdamage.so.1.1.0
00596000-00597000 rw-p 00002000 08:08 2233494    /usr/lib/i386-linux-gnu/libXdamage.so.1.1.0
00599000-005aa000 r-xp 00000000 08:08 2233498    /usr/lib/i386-linux-gnu/libXext.so.6.4.0
005aa000-005ab000 r--p 00010000 08:08 2233498    /usr/lib/i386-linux-gnu/libXext.so.6.4.0
005ab000-005ac000 rw-p 00011000 08:08 2233498    /usr/lib/i386-linux-gnu/libXext.so.6.4.0
005ac000-005f3000 r-xp 00000000 08:08 2233690    /usr/lib/i386-linux-gnu/libpango-1.0.so.0.2903.0
005f3000-005f4000 r--p 00047000 08:08 2233690    /usr/lib/i386-linux-gnu/libpango-1.0.so.0.2903.0
005f4000-005f5000 rw-p 00048000 08:08 2233690    /usr/lib/i386-linux-gnu/libpango-1.0.so.0.2903.0
005f5000-00627000 r-xp 00000000 08:08 2233589    /usr/lib/i386-linux-gnu/libfontconfig.so.1.4.4
00627000-00628000 ---p 00032000 08:08 2233589    /usr/lib/i386-linux-gnu/libfontconfig.so.1.4.4
00628000-00629000 r--p 00032000 08:08 2233589    /usr/lib/i386-linux-gnu/libfontconfig.so.1.4.4
00629000-0062a000 rw-p 00033000 08:08 2233589    /usr/lib/i386-linux-gnu/libfontconfig.so.1.4.4
0062a000-00655000 r-xp 00000000 08:08 2233694    /usr/lib/i386-linux-gnu/libpangoft2-1.0.so.0.2903.0
00655000-00656000 r--p 0002a000 08:08 2233694    /usr/lib/i386-linux-gnu/libpangoft2-1.0.so.0.2903.0
00656000-00657000 rw-p 0002b000 08:08 2233694    /usr/lib/i386-linux-gnu/libpangoft2-1.0.so.0.2903.0
00659000-00677000 r-xp 00000000 08:08 131992     /lib/i386-linux-gnu/ld-2.13.so
00677000-00678000 r--p 0001d000 08:08 131992     /lib/i386-linux-gnu/ld-2.13.so
00678000-00679000 rw-p 0001e000 08:08 131992     /lib/i386-linux-gnu/ld-2.13.so
00679000-007aa000 r-xp 00000000 08:08 2233486    /usr/lib/i386-linux-gnu/libX11.so.6.3.0
007aa000-007ab000 ---p 00131000 08:08 2233486    /usr/lib/i386-linux-gnu/libX11.so.6.3.0
007ab000-007ac000 r--p 00131000 08:08 2233486    /usr/lib/i386-linux-gnu/libX11.so.6.3.0
007ac000-007ae000 rw-p 00132000 08:08 2233486    /usr/lib/i386-linux-gnu/libX11.so.6.3.0
007ae000-007af000 rw-p 00000000 00:00 0 
007af000-007fc000 r-xp 00000000 08:08 2233618    /usr/lib/i386-linux-gnu/libgobject-2.0.so.0.3000.0
007fc000-007fd000 r--p 0004d000 08:08 2233618    /usr/lib/i386-linux-gnu/libgobject-2.0.so.0.3000.0
007fd000-007fe000 rw-p 0004e000 08:08 2233618    /usr/lib/i386-linux-gnu/libgobject-2.0.so.0.3000.0
007fe000-0084c000 r-xp 00000000 08:08 2233652    /usr/lib/i386-linux-gnu/libcups.so.2
0084c000-0084f000 r--p 0004d000 08:08 2233652    /usr/lib/i386-linux-gnu/libcups.so.2
0084f000-00850000 rw-p 00050000 08:08 2233652    /usr/lib/i386-linux-gnu/libcups.so.2
00850000-0086c000 r-xp 00000000 08:08 132071     /lib/i386-linux-gnu/libselinux.so.1
0086c000-0086d000 r--p 0001b000 08:08 132071     /lib/i386-linux-gnu/libselinux.so.1
0086d000-0086e000 rw-p 0001c000 08:08 132071     /lib/i386-linux-gnu/libselinux.so.1
0086e000-00881000 r-xp 00000000 08:08 132067     /lib/i386-linux-gnu/libresolv-2.13.so
00881000-00882000 r--p 00012000 08:08 132067     /lib/i386-linux-gnu/libresolv-2.13.so
00882000-00883000 rw-p 00013000 08:08 132067     /lib/i386-linux-gnu/libresolv-2.13.so
00883000-00885000 rw-p 00000000 00:00 0 
00888000-0088c000 r-xp 00000000 08:08 2233624    /usr/lib/i386-linux-gnu/libgthread-2.0.so.0.3000.0
0088c000-0088d000 r--p 00003000 08:08 2233624    /usr/lib/i386-linux-gnu/libgthread-2.0.so.0.3000.0
0088d000-0088e000 rw-p 00004000 08:08 2233624    /usr/lib/i386-linux-gnu/libgthread-2.0.so.0.3000.0
0088e000-008b4000 r-xp 00000000 08:08 132021     /lib/i386-linux-gnu/libexpat.so.1.5.2
008b4000-008b5000 ---p 00026000 08:08 132021     /lib/i386-linux-gnu/libexpat.so.1.5.2
008b5000-008b7000 r--p 00026000 08:08 132021     /lib/i386-linux-gnu/libexpat.so.1.5.2
008b7000-008b8000 rw-p 00028000 08:08 132021     /lib/i386-linux-gnu/libexpat.so.1.5.2
008b8000-008bd000 r-xp 00000000 08:08 2233587    /usr/lib/i386-linux-gnu/libffi.so.6.0.0
008bd000-008be000 r--p 00004000 08:08 2233587    /usr/lib/i386-linux-gnu/libffi.so.6.0.0
008be000-008bf000 rw-p 00005000 08:08 2233587    /usr/lib/i386-linux-gnu/libffi.so.6.0.0
008bf000-008cb000 r-xp 00000000 08:08 2233530    /usr/lib/i386-linux-gnu/libavahi-common.so.3.5.3
008cb000-008cc000 r--p 0000b000 08:08 2233530    /usr/lib/i386-linux-gnu/libavahi-common.so.3.5.3
008cc000-008cd000 rw-p 0000c000 08:08 2233530    /usr/lib/i386-linux-gnu/libavahi-common.so.3.5.3
008cd000-008de000 r-xp 00000000 08:08 2233528    /usr/lib/i386-linux-gnu/libavahi-client.so.3.2.9
008de000-008df000 r--p 00010000 08:08 2233528    /usr/lib/i386-linux-gnu/libavahi-client.so.3.2.9
008df000-008e0000 rw-p 00011000 08:08 2233528    /usr/lib/i386-linux-gnu/libavahi-client.so.3.2.9
008e0000-008e2000 r-xp 00000000 08:08 2233488    /usr/lib/i386-linux-gnu/libXau.so.6.0.0
008e2000-008e3000 r--p 00001000 08:08 2233488    /usr/lib/i386-linux-gnu/libXau.so.6.0.0
008e3000-008e4000 rw-p 00002000 08:08 2233488    /usr/lib/i386-linux-gnu/libXau.so.6.0.0
008e4000-008e6000 r-xp 00000000 08:08 2233782    /usr/lib/i386-linux-gnu/libxcb-shm.so.0.0.0
008e6000-008e7000 r--p 00001000 08:08 2233782    /usr/lib/i386-linux-gnu/libxcb-shm.so.0.0.0
008e7000-008e8000 rw-p 00002000 08:08 2233782    /usr/lib/i386-linux-gnu/libxcb-shm.so.0.0.0
008e8000-009c6000 r-xp 00000000 08:08 2233751    /usr/lib/i386-linux-gnu/libstdc++.so.6.0.16
009c6000-009c7000 ---p 000de000 08:08 2233751    /usr/lib/i386-linux-gnu/libstdc++.so.6.0.16
009c7000-009cb000 r--p 000de000 08:08 2233751    /usr/lib/i386-linux-gnu/libstdc++.so.6.0.16
009cb000-009cc000 rw-p 000e2000 08:08 2233751    /usr/lib/i386-linux-gnu/libstdc++.so.6.0.16
009cc000-009d3000 rw-p 00000000 00:00 0 
009d3000-00a10000 r-xp 00000000 08:08 132062     /lib/i386-linux-gnu/libpcre.so.3.12.1
00a10000-00a11000 r--p 0003c000 08:08 132062     /lib/i386-linux-gnu/libpcre.so.3.12.1
00a11000-00a12000 rw-p 0003d000 08:08 132062     /lib/i386-linux-gnu/libpcre.so.3.12.1
00a12000-00a17000 r-xp 00000000 08:08 2233496    /usr/lib/i386-linux-gnu/libXdmcp.so.6.0.0
00a17000-00a18000 r--p 00004000 08:08 2233496    /usr/lib/i386-linux-gnu/libXdmcp.so.6.0.0
00a18000-00a19000 rw-p 00005000 08:08 2233496    /usr/lib/i386-linux-gnu/libXdmcp.so.6.0.0
00a1a000-00a36000 r-xp 00000000 08:08 132026     /lib/i386-linux-gnu/libgcc_s.so.1
00a36000-00a37000 r--p 0001b000 08:08 132026     /lib/i386-linux-gnu/libgcc_s.so.1
00a37000-00a38000 rw-p 0001c000 08:08 132026     /lib/i386-linux-gnu/libgcc_s.so.1
00a38000-00aca000 r-xp 00000000 08:08 2233562    /usr/lib/i386-linux-gnu/libfreetype.so.6.6.2
00aca000-00ace000 r--p 00091000 08:08 2233562    /usr/lib/i386-linux-gnu/libfreetype.so.6.6.2
00ace000-00acf000 rw-p 00095000 08:08 2233562    /usr/lib/i386-linux-gnu/libfreetype.so.6.6.2
00acf000-00af7000 r-xp 00000000 08:08 132064     /lib/i386-linux-gnu/libpng12.so.0.46.0
00af7000-00af8000 r--p 00027000 08:08 132064     /lib/i386-linux-gnu/libpng12.so.0.46.0
00af8000-00af9000 rw-p 00028000 08:08 132064     /lib/i386-linux-gnu/libpng12.so.0.46.0
00af9000-00afa000 r-xp 00000000 00:00 0          [vdso]
00afa000-00c3c000 r-xp 00000000 08:08 2233606    /usr/lib/i386-linux-gnu/libgio-2.0.so.0.3000.0
00c3c000-00c3e000 r--p 00142000 08:08 2233606    /usr/lib/i386-linux-gnu/libgio-2.0.so.0.3000.0
00c3e000-00c3f000 rw-p 00144000 08:08 2233606    /usr/lib/i386-linux-gnu/libgio-2.0.so.0.3000.0
00c3f000-00c40000 rw-p 00000000 00:00 0 
00c40000-00c48000 r-xp 00000000 08:08 2233778    /usr/lib/i386-linux-gnu/libxcb-render.so.0.0.0
00c48000-00c49000 r--p 00007000 08:08 2233778    /usr/lib/i386-linux-gnu/libxcb-render.so.0.0.0
00c49000-00c4a000 rw-p 00008000 08:08 2233778    /usr/lib/i386-linux-gnu/libxcb-render.so.0.0.0
00c4b000-00c52000 r-xp 00000000 08:08 132069     /lib/i386-linux-gnu/librt-2.13.so
00c52000-00c53000 r--p 00006000 08:08 132069     /lib/i386-linux-gnu/librt-2.13.so
00c53000-00c54000 rw-p 00007000 08:08 132069     /lib/i386-linux-gnu/librt-2.13.so
00c54000-00c56000 r-xp 00000000 08:08 132010     /lib/i386-linux-gnu/libcom_err.so.2.1
00c56000-00c57000 r--p 00001000 08:08 132010     /lib/i386-linux-gnu/libcom_err.so.2.1
00c57000-00c58000 rw-p 00002000 08:08 132010     /lib/i386-linux-gnu/libcom_err.so.2.1
00c58000-00c5f000 r-xp 00000000 08:08 2232916    /usr/lib/i386-linux-gnu/libkrb5support.so.0.1
00c5f000-00c60000 r--p 00006000 08:08 2232916    /usr/lib/i386-linux-gnu/libkrb5support.so.0.1
00c60000-00c61000 rw-p 00007000 08:08 2232916    /usr/lib/i386-linux-gnu/libkrb5support.so.0.1
00c61000-00c63000 r-xp 00000000 08:08 132034     /lib/i386-linux-gnu/libkeyutils.so.1.3
00c63000-00c64000 r--p 00001000 08:08 132034     /lib/i386-linux-gnu/libkeyutils.so.1.3
00c64000-00c65000 rw-p 00002000 08:08 132034     /lib/i386-linux-gnu/libkeyutils.so.1.3
00c65000-00c68000 r-xp 00000000 08:08 132032     /lib/i386-linux-gnu/libgpg-error.so.0.8.0
00c68000-00c69000 r--p 00002000 08:08 132032     /lib/i386-linux-gnu/libgpg-error.so.0.8.0
00c69000-00c6a000 rw-p 00003000 08:08 132032     /lib/i386-linux-gnu/libgpg-error.so.0.8.0
00c6b000-00c73000 r-xp 00000000 08:08 132042     /lib/i386-linux-gnu/libnss_compat-2.13.so
00c73000-00c74000 r--p 00007000 08:08 132042     /lib/i386-linux-gnu/libnss_compat-2.13.so
00c74000-00c75000 rw-p 00008000 08:08 132042     /lib/i386-linux-gnu/libnss_compat-2.13.so
00c75000-00c85000 r-xp 00000000 08:08 2233755    /usr/lib/i386-linux-gnu/libtasn1.so.3.1.11
00c85000-00c86000 r--p 0000f000 08:08 2233755    /usr/lib/i386-linux-gnu/libtasn1.so.3.1.11
00c86000-00c87000 rw-p 00010000 08:08 2233755    /usr/lib/i386-linux-gnu/libtasn1.so.3.1.11
00c8d000-00c95000 r-xp 00000000 08:08 2230495    /usr/lib/jvm/java-7-openjdk-i386/jre/lib/i386/libzip.so
00c95000-00c96000 r--p 00007000 08:08 2230495    /usr/lib/jvm/java-7-openjdk-i386/jre/lib/i386/libzip.so
00c96000-00c97000 rw-p 00008000 08:08 2230495    /usr/lib/jvm/java-7-openjdk-i386/jre/lib/i386/libzip.so
00c97000-00cd2000 r-xp 00000000 08:08 2232460    /usr/lib/i386-linux-gnu/libgssapi_krb5.so.2.2
00cd2000-00cd3000 ---p 0003b000 08:08 2232460    /usr/lib/i386-linux-gnu/libgssapi_krb5.so.2.2
00cd3000-00cd4000 r--p 0003b000 08:08 2232460    /usr/lib/i386-linux-gnu/libgssapi_krb5.so.2.2
00cd4000-00cd5000 rw-p 0003c000 08:08 2232460    /usr/lib/i386-linux-gnu/libgssapi_krb5.so.2.2
00cd5000-00cda000 r-xp 00000000 08:08 2231020    /usr/lib/libXtst.so.6.1.0
00cda000-00cdb000 r--p 00004000 08:08 2231020    /usr/lib/libXtst.so.6.1.0
00cdb000-00cdc000 rw-p 00005000 08:08 2231020    /usr/lib/libXtst.so.6.1.0
00cec000-00d03000 r-xp 00000000 08:08 132065     /lib/i386-linux-gnu/libpthread-2.13.so
00d03000-00d04000 r--p 00016000 08:08 132065     /lib/i386-linux-gnu/libpthread-2.13.so
00d04000-00d05000 rw-p 00017000 08:08 132065     /lib/i386-linux-gnu/libpthread-2.13.so
00d05000-00d07000 rw-p 00000000 00:00 0 
00d07000-00d2e000 r-xp 00000000 08:08 2231536    /usr/lib/i386-linux-gnu/libk5crypto.so.3.1
00d2e000-00d2f000 r--p 00026000 08:08 2231536    /usr/lib/i386-linux-gnu/libk5crypto.so.3.1
00d2f000-00d30000 rw-p 00027000 08:08 2231536    /usr/lib/i386-linux-gnu/libk5crypto.so.3.1
00d30000-00d77000 r-xp 00000000 08:08 132015     /lib/i386-linux-gnu/libdbus-1.so.3.5.7
00d77000-00d78000 r--p 00046000 08:08 132015     /lib/i386-linux-gnu/libdbus-1.so.3.5.7
00d78000-00d79000 rw-p 00047000 08:08 132015     /lib/i386-linux-gnu/libdbus-1.so.3.5.7
00d7f000-00d8b000 r-xp 00000000 08:08 2369005    /usr/lib/jvm/java-7-openjdk-i386/jre/lib/i386/jli/libjli.so
00d8b000-00d8c000 r--p 0000b000 08:08 2369005    /usr/lib/jvm/java-7-openjdk-i386/jre/lib/i386/jli/libjli.so
00d8c000-00d8d000 rw-p 0000c000 08:08 2369005    /usr/lib/jvm/java-7-openjdk-i386/jre/lib/i386/jli/libjli.so
00d8d000-00da3000 r-xp 00000000 08:08 2230487    /usr/lib/jvm/java-7-openjdk-i386/jre/lib/i386/libnet.so
00da3000-00da4000 r--p 00015000 08:08 2230487    /usr/lib/jvm/java-7-openjdk-i386/jre/lib/i386/libnet.so
00da4000-00da5000 rw-p 00016000 08:08 2230487    /usr/lib/jvm/java-7-openjdk-i386/jre/lib/i386/libnet.so
00da5000-00db6000 r-xp 00000000 08:08 2230488    /usr/lib/jvm/java-7-openjdk-i386/jre/lib/i386/libnio.so
00db6000-00db7000 r--p 00010000 08:08 2230488    /usr/lib/jvm/java-7-openjdk-i386/jre/lib/i386/libnio.so
00db7000-00db8000 rw-p 00011000 08:08 2230488    /usr/lib/jvm/java-7-openjdk-i386/jre/lib/i386/libnio.so
00dc9000-00dcb000 r-xp 00000000 08:08 2233506    /usr/lib/i386-linux-gnu/libXinerama.so.1.0.0
00dcb000-00dcc000 r--p 00001000 08:08 2233506    /usr/lib/i386-linux-gnu/libXinerama.so.1.0.0
00dcc000-00dcd000 rw-p 00002000 08:08 2233506    /usr/lib/i386-linux-gnu/libXinerama.so.1.0.0
00dd4000-00de7000 r-xp 00000000 08:08 132088     /lib/i386-linux-gnu/libz.so.1.2.3.4
00de7000-00de8000 r--p 00012000 08:08 132088     /lib/i386-linux-gnu/libz.so.1.2.3.4
00de8000-00de9000 rw-p 00013000 08:08 132088     /lib/i386-linux-gnu/libz.so.1.2.3.4
00de9000-01366000 r-xp 00000000 08:08 2369000    /usr/lib/jvm/java-7-openjdk-i386/jre/lib/i386/client/libjvm.so
01366000-0137c000 r--p 0057c000 08:08 2369000    /usr/lib/jvm/java-7-openjdk-i386/jre/lib/i386/client/libjvm.so
0137c000-01389000 rw-p 00592000 08:08 2369000    /usr/lib/jvm/java-7-openjdk-i386/jre/lib/i386/client/libjvm.so
01389000-017a2000 rw-p 00000000 00:00 0 
017a2000-01820000 r-xp 00000000 08:08 2233708    /usr/lib/i386-linux-gnu/libpixman-1.so.0.22.2
01820000-01824000 r--p 0007d000 08:08 2233708    /usr/lib/i386-linux-gnu/libpixman-1.so.0.22.2
01824000-01825000 rw-p 00081000 08:08 2233708    /usr/lib/i386-linux-gnu/libpixman-1.so.0.22.2
01825000-018a7000 r-xp 00000000 08:08 132028     /lib/i386-linux-gnu/libgcrypt.so.11.7.0
018a7000-018a8000 r--p 00081000 08:08 132028     /lib/i386-linux-gnu/libgcrypt.so.11.7.0
018a8000-018aa000 rw-p 00082000 08:08 132028     /lib/i386-linux-gnu/libgcrypt.so.11.7.0
018aa000-018e4000 r-xp 00000000 08:08 2230469    /usr/lib/jvm/java-7-openjdk-i386/jre/lib/i386/libfontmanager.so
018e4000-018e5000 ---p 0003a000 08:08 2230469    /usr/lib/jvm/java-7-openjdk-i386/jre/lib/i386/libfontmanager.so
018e5000-018e6000 r--p 0003a000 08:08 2230469    /usr/lib/jvm/java-7-openjdk-i386/jre/lib/i386/libfontmanager.so
018e6000-018e7000 rw-p 0003b000 08:08 2230469    /usr/lib/jvm/java-7-openjdk-i386/jre/lib/i386/libfontmanager.so
04292000-04354000 r-xp 00000000 08:08 2232463    /usr/lib/i386-linux-gnu/libkrb5.so.3.3
04354000-0435a000 r--p 000c1000 08:08 2232463    /usr/lib/i386-linux-gnu/libkrb5.so.3.3
0435a000-0435b000 rw-p 000c7000 08:08 2232463    /usr/lib/i386-linux-gnu/libkrb5.so.3.3
05e3d000-0629e000 r-xp 00000000 08:08 2233626    /usr/lib/i386-linux-gnu/libgtk-x11-2.0.so.0.2400.6
0629e000-062a2000 r--p 00461000 08:08 2233626    /usr/lib/i386-linux-gnu/libgtk-x11-2.0.so.0.2400.6
062a2000-062a4000 rw-p 00465000 08:08 2233626    /usr/lib/i386-linux-gnu/libgtk-x11-2.0.so.0.2400.6
062a4000-062a6000 rw-p 00000000 00:00 0 
06813000-068bd000 r-xp 00000000 08:08 2233616    /usr/lib/i386-linux-gnu/libgnutls.so.26.16.14
068bd000-068be000 ---p 000aa000 08:08 2233616    /usr/lib/i386-linux-gnu/libgnutls.so.26.16.14
068be000-068c2000 r--p 000aa000 08:08 2233616    /usr/lib/i386-linux-gnu/libgnutls.so.26.16.14
068c2000-068c3000 rw-p 000ae000 08:08 2233616    /usr/lib/i386-linux-gnu/libgnutls.so.26.16.14
072d3000-0739a000 r-xp 00000000 08:08 2233550    /usr/lib/i386-linux-gnu/libcairo.so.2.11000.2
0739a000-0739b000 r--p 000c7000 08:08 2233550    /usr/lib/i386-linux-gnu/libcairo.so.2.11000.2
0739b000-0739c000 rw-p 000c8000 08:08 2233550    /usr/lib/i386-linux-gnu/libcairo.so.2.11000.2
0739c000-0739e000 rw-p 00000000 00:00 0 
08048000-08049000 r-xp 00000000 08:08 527190     /usr/lib/jvm/java-7-openjdk-i386/jre/bin/java
08049000-0804a000 r--p 00000000 08:08 527190     /usr/lib/jvm/java-7-openjdk-i386/jre/bin/java
0804a000-0804b000 rw-p 00001000 08:08 527190     /usr/lib/jvm/java-7-openjdk-i386/jre/bin/java
093d9000-094d0000 r-xp 00000000 08:08 132030     /lib/i386-linux-gnu/libglib-2.0.so.0.3000.0
094d0000-094d1000 r--p 000f6000 08:08 132030     /lib/i386-linux-gnu/libglib-2.0.so.0.3000.0
094d1000-094d2000 rw-p 000f7000 08:08 132030     /lib/i386-linux-gnu/libglib-2.0.so.0.3000.0
09961000-09c8e000 rw-p 00000000 00:00 0          [heap]
6f930000-6fe80000 rw-p 00000000 00:00 0 
6fe80000-7a3d0000 rw-p 00000000 00:00 0 
7a3d0000-7ae80000 rw-p 00000000 00:00 0 
7ae80000-8f930000 rw-p 00000000 00:00 0 
8f930000-90530000 rw-p 00000000 00:00 0 
90530000-93930000 rw-p 00000000 00:00 0 
93930000-93f3e000 r--s 00001000 08:08 2369007    /usr/lib/jvm/java-7-openjdk-i386/jre/lib/i386/client/classes.jsa
93f3e000-94330000 rw-p 00000000 00:00 0 
94330000-94a93000 rw-p 0060f000 08:08 2369007    /usr/lib/jvm/java-7-openjdk-i386/jre/lib/i386/client/classes.jsa
94a93000-94f30000 rw-p 00000000 00:00 0 
94f30000-95244000 rw-p 00d72000 08:08 2369007    /usr/lib/jvm/java-7-openjdk-i386/jre/lib/i386/client/classes.jsa
95244000-95330000 rw-p 00000000 00:00 0 
95330000-95339000 r-xs 01086000 08:08 2369007    /usr/lib/jvm/java-7-openjdk-i386/jre/lib/i386/client/classes.jsa
95339000-95730000 rw-p 00000000 00:00 0 
b4800000-b4892000 rw-p 00000000 00:00 0 
b4892000-b4900000 ---p 00000000 00:00 0 
b49f8000-b49fb000 ---p 00000000 00:00 0 
b49fb000-b4a49000 rw-p 00000000 00:00 0 
b4a49000-b4a4c000 ---p 00000000 00:00 0 
b4a4c000-b4a9a000 rw-p 00000000 00:00 0 
b4a9a000-b4a9d000 ---p 00000000 00:00 0 
b4a9d000-b4aeb000 rw-p 00000000 00:00 0 
b4aeb000-b4aef000 r--s 000a0000 08:08 2368992    /usr/lib/jvm/java-7-openjdk-common/jre/lib/jsse.jar
b4aef000-b4af2000 ---p 00000000 00:00 0 
b4af2000-b4afd000 rw-p 00000000 00:00 0 
b4afd000-b4afe000 r--p 00000000 00:00 0 
b4afe000-b4b01000 ---p 00000000 00:00 0 
b4b01000-b4b4f000 rw-p 00000000 00:00 0 
b4b4f000-b4b52000 ---p 00000000 00:00 0 
b4b52000-b4ba0000 rw-p 00000000 00:00 0 
b4ba0000-b4ba9000 r--s 00263000 08:08 2368995    /usr/lib/jvm/java-7-openjdk-common/jre/lib/resources.jar
b4ba9000-b4bb0000 r--s 00000000 08:08 2234076    /usr/lib/i386-linux-gnu/gconv/gconv-modules.cache
b4bb0000-b4bd3000 r--p 00000000 08:08 137748     /usr/share/locale-langpack/es/LC_MESSAGES/libc.mo
b4bd3000-b4bd4000 r--s 00000000 08:08 1574335    /home/ary/netbeans-7.0.1/java/modules/ext/AbsoluteLayout.jar
b4bd4000-b4bd5000 r--s 0001c000 08:08 1448082    /home/ary/netbeans-7.0.1/platform/modules/ext/swing-layout-1.0.4.jar
b4bd5000-b4bd6000 r--s 00002000 08:08 1587047    /home/ary/Dropbox/Programas/Librerias/swing-worker-1.1.jar
b4bd6000-b4be9000 r--s 000e2000 08:08 1588382    /home/ary/Dropbox/Programas/Librerias/substance.jar
b4be9000-b4bf1000 r--s 000b9000 08:08 1588362    /home/ary/Dropbox/Programas/Librerias/mysql-connector-java-5.1.16-bin.jar
b4bf1000-b4c0b000 r--s 00124000 08:08 1588422    /home/ary/Dropbox/Programas/Librerias/jide-oss-2.7.2.jar
b4c0b000-b4c0e000 r--s 0001e000 08:08 1588119    /home/ary/Dropbox/Programas/Librerias/jcalendar-1.3.2.jar
b4c0e000-b4c48000 r--s 002e7000 08:08 1588464    /home/ary/Dropbox/Programas/Librerias/jasperreports-4.1.2.jar
b4c48000-b4c54000 r--s 00108000 08:08 1588388    /home/ary/Dropbox/Programas/Librerias/iText-2.1.7.jar
b4c54000-b4c5d000 r--s 000a6000 08:08 1588354    /home/ary/Dropbox/Programas/Librerias/hsqldb.jar
b4c5d000-b4caf000 r--s 004e9000 08:08 1588502    /home/ary/Dropbox/Programas/Librerias/groovy-all-1.7.5.jar
b4caf000-b4cb1000 r--s 0000e000 08:08 1587942    /home/ary/Dropbox/Programas/Librerias/commons-pool-1.3.jar
b4cb1000-b4cb6000 r--s 00021000 08:08 1588060    /home/ary/Dropbox/Programas/Librerias/commons-math-1.0.jar
b4cb6000-b4cb7000 r--s 0000c000 08:08 1587889    /home/ary/Dropbox/Programas/Librerias/commons-logging-1.1.jar
b4cb7000-b4cba000 r--s 00015000 08:08 1588084    /home/ary/Dropbox/Programas/Librerias/commons-javaflow-20060411.jar
b4cba000-b4cbe000 r--s 0001f000 08:08 1588205    /home/ary/Dropbox/Programas/Librerias/commons-digester-1.7.jar
b4cbe000-b4cc0000 r--s 0001c000 08:08 1588172    /home/ary/Dropbox/Programas/Librerias/commons-dbcp-1.2.2.jar
b4cc0000-b4cce000 r--s 0007f000 08:08 1588328    /home/ary/Dropbox/Programas/Librerias/commons-collections-3.2.1.jar
b4cce000-b4cd3000 r--s 00034000 08:08 1588252    /home/ary/Dropbox/Programas/Librerias/commons-beanutils-1.8.2.jar
b4cd3000-b4cd7000 r--s 0003d000 08:08 1588282    /home/ary/Dropbox/Programas/Librerias/appframework-1.0.3.jar
b4cd7000-b4cda000 r--s 00032000 08:08 2368988    /usr/lib/jvm/java-7-openjdk-common/jre/lib/ext/sunjce_provider.jar
b4cda000-b4cdd000 r--s 00085000 08:08 2368987    /usr/lib/jvm/java-7-openjdk-common/jre/lib/ext/localedata.jar
b4cdd000-b4cde000 r--s 00002000 08:08 2368986    /usr/lib/jvm/java-7-openjdk-common/jre/lib/ext/dnsns.jar
b4cde000-b4ce1000 r--s 0003c000 08:08 2368985    /usr/lib/jvm/java-7-openjdk-common/jre/lib/ext/sunpkcs11.jar
b4ce1000-b4ce9000 r--s 00066000 08:08 2638381    /usr/share/java/gnome-java-bridge.jar
b4ce9000-b4cea000 ---p 00000000 00:00 0 
b4cea000-b4d6a000 rw-p 00000000 00:00 0 
b4d6a000-b4d6d000 ---p 00000000 00:00 0 
b4d6d000-b4dbb000 rw-p 00000000 00:00 0 
b4dbb000-b4dbe000 ---p 00000000 00:00 0 
b4dbe000-b4e3c000 rw-p 00000000 00:00 0 
b4e3c000-b4e3f000 ---p 00000000 00:00 0 
b4e3f000-b4e8d000 rw-p 00000000 00:00 0 
b4e8d000-b4e8e000 r--p 006a5000 08:08 2235518    /usr/lib/locale/locale-archive
b4e8e000-b4e8f000 r--p 006b0000 08:08 2235518    /usr/lib/locale/locale-archive
b4e8f000-b4fc0000 r--p 0043d000 08:08 2235518    /usr/lib/locale/locale-archive
b4fc0000-b5000000 r--p 002bd000 08:08 2235518    /usr/lib/locale/locale-archive
b5000000-b5200000 r--p 00000000 08:08 2235518    /usr/lib/locale/locale-archive
b5200000-b5203000 ---p 00000000 00:00 0 
b5203000-b5251000 rw-p 00000000 00:00 0 
b5251000-b5254000 ---p 00000000 00:00 0 
b5254000-b52a2000 rw-p 00000000 00:00 0 
b52a2000-b52a3000 ---p 00000000 00:00 0 
b52a3000-b536b000 rw-p 00000000 00:00 0 
b536b000-b5519000 r--s 03e77000 08:08 2230460    /usr/lib/jvm/java-7-openjdk-i386/jre/lib/rt.jar
b5519000-b5527000 rw-p 00000000 00:00 0 
b5527000-b5541000 rw-p 00000000 00:00 0 
b5541000-b5547000 rw-p 00000000 00:00 0 
b5547000-b55ec000 rw-p 00000000 00:00 0 
b55ec000-b55ef000 rw-p 00000000 00:00 0 
b55ef000-b5641000 rw-p 00000000 00:00 0 
b5641000-b5647000 rw-p 00000000 00:00 0 
b5647000-b56ec000 rw-p 00000000 00:00 0 
b56ec000-b56f2000 rw-p 00000000 00:00 0 
b56f2000-b570c000 rw-p 00000000 00:00 0 
b570c000-b571c000 rw-p 00000000 00:00 0 
b571c000-b5798000 rw-p 00000000 00:00 0 
b5798000-b5860000 rwxp 00000000 00:00 0 
b5860000-b7798000 rw-p 00000000 00:00 0 
b7798000-b779b000 ---p 00000000 00:00 0 
b779b000-b77eb000 rw-p 00000000 00:00 0 
b77eb000-b77ee000 r--s 0000f000 08:08 2368990    /usr/lib/jvm/java-7-openjdk-common/jre/lib/ext/pulse-java.jar
b77ee000-b77f0000 r--s 00012000 08:08 2368989    /usr/lib/jvm/java-7-openjdk-common/jre/lib/ext/zipfs.jar
b77f0000-b77f6000 rw-p 00000000 00:00 0 
b77f6000-b77fe000 rw-s 00000000 08:08 2097203    /tmp/hsperfdata_ary/4574
b77fe000-b77ff000 rw-p 00000000 00:00 0 
b77ff000-b7800000 ---p 00000000 00:00 0 
b7800000-b7802000 rw-p 00000000 00:00 0 
bf82e000-bf84f000 rw-p 00000000 00:00 0          [stack]

VM Arguments:
jvm_args: -Dfile.encoding=UTF-8 
java_command: nuevomundo.Main
Launcher Type: SUN_STANDARD

Environment Variables:
PATH=/usr/lib/lightdm/lightdm:/usr/local/sbin:/usr/local/bin:/usr/sbin:/usr/bin:/sbin:/bin:/usr/games
USERNAME=ary
SHELL=/bin/bash
DISPLAY=:0

Signal Handlers:
SIGSEGV: [libjvm.so+0x445270], sa_mask[0]=0x7ffbfeff, sa_flags=0x10000004
SIGBUS: [libjvm.so+0x445270], sa_mask[0]=0x7ffbfeff, sa_flags=0x10000004
SIGFPE: [libjvm.so+0x34f370], sa_mask[0]=0x7ffbfeff, sa_flags=0x10000004
SIGPIPE: [libjvm.so+0x34f370], sa_mask[0]=0x7ffbfeff, sa_flags=0x10000004
SIGXFSZ: [libjvm.so+0x34f370], sa_mask[0]=0x7ffbfeff, sa_flags=0x10000004
SIGILL: [libjvm.so+0x34f370], sa_mask[0]=0x7ffbfeff, sa_flags=0x10000004
SIGUSR1: SIG_DFL, sa_mask[0]=0x00000000, sa_flags=0x00000000
SIGUSR2: [libjvm.so+0x34f200], sa_mask[0]=0x00000004, sa_flags=0x10000004
SIGHUP: [libjvm.so+0x34f830], sa_mask[0]=0x7ffbfeff, sa_flags=0x10000004
SIGINT: SIG_IGN, sa_mask[0]=0x00000000, sa_flags=0x00000000
SIGTERM: [libjvm.so+0x34f830], sa_mask[0]=0x7ffbfeff, sa_flags=0x10000004
SIGQUIT: [libjvm.so+0x34f830], sa_mask[0]=0x7ffbfeff, sa_flags=0x10000004


---------------  S Y S T E M  ---------------

OS:Ubuntu 11.10 (oneiric)
uname:Linux 3.0.0-13-generic #22-Ubuntu SMP Wed Nov 2 13:25:36 UTC 2011 i686
libc:glibc 2.13 NPTL 2.13 
rlimit: STACK 8192k, CORE 0k, NPROC 13964, NOFILE 4096, AS infinity
load average:1,54 0,88 0,41

/proc/meminfo:
MemTotal:        1801608 kB
MemFree:          139652 kB
Buffers:           10740 kB
Cached:           153536 kB
SwapCached:        12220 kB
Active:           571332 kB
Inactive:         581148 kB
Active(anon):     492252 kB
Inactive(anon):   508300 kB
Active(file):      79080 kB
Inactive(file):    72848 kB
Unevictable:          32 kB
Mlocked:              32 kB
HighTotal:        924232 kB
HighFree:          23372 kB
LowTotal:         877376 kB
LowFree:          116280 kB
SwapTotal:       1830908 kB
SwapFree:        1636772 kB
Dirty:              2740 kB
Writeback:             0 kB
AnonPages:        978608 kB
Mapped:            93180 kB
Shmem:             12280 kB
Slab:              31228 kB
SReclaimable:      15116 kB
SUnreclaim:        16112 kB
KernelStack:        4128 kB
PageTables:        10540 kB
NFS_Unstable:          0 kB
Bounce:                0 kB
WritebackTmp:          0 kB
CommitLimit:     2731712 kB
Committed_AS:    3912032 kB
VmallocTotal:     122880 kB
VmallocUsed:       45032 kB
VmallocChunk:      73312 kB
HardwareCorrupted:     0 kB
AnonHugePages:         0 kB
HugePages_Total:       0
HugePages_Free:        0
HugePages_Rsvd:        0
HugePages_Surp:        0
Hugepagesize:       4096 kB
DirectMap4k:      524280 kB
DirectMap4M:      385024 kB


CPU:total 2 (2 cores per cpu, 1 threads per core) family 16 model 6 stepping 3, cmov, cx8, fxsr, mmx, sse, sse2, sse3, popcnt, mmxext, 3dnowpref, lzcnt, sse4a

Memory: 4k page, physical 1801608k(139652k free), swap 1830908k(1636772k free)

vm_info: OpenJDK Client VM (21.0-b17) for linux-x86 JRE (1.7.0_147-b147), built on Oct 21 2011 18:56:19 by "buildd" with gcc 4.6.1

time: Sun Dec 11 09:07:11 2011
elapsed time: 5 seconds

